<?xml version="1.0" encoding="UTF-8"?>
<!-- Generated by org.testng.reporters.JUnitXMLReporter -->
<testsuite ignored="0" hostname="LAPTOP-2D0MJJ4C" failures="0" tests="1" name="Tools QA" time="0.173" errors="0" timestamp="2021-04-29T13:44:13 IST">
  <testcase classname="Runner.TestRunner" name="@BeforeClass setUpclass" time="0.142">
    <failure type="cucumber.runtime.CucumberException" message="No backends were found. Please make sure you have a backend module on your CLASSPATH.">
      <![CDATA[cucumber.runtime.CucumberException: No backends were found. Please make sure you have a backend module on your CLASSPATH.
at cucumber.runtime.Runtime.<init>(Runtime.java:81)
at cucumber.runtime.Runtime.<init>(Runtime.java:70)
at cucumber.runtime.Runtime.<init>(Runtime.java:66)
at cucumber.api.testng.TestNGCucumberRunner.<init>(TestNGCucumberRunner.java:42)
at Runner.TestRunner.setUpclass(TestRunner.java:28)
at java.base/java.util.ArrayList.forEach(ArrayList.java:1511)
... Removed 25 stack frames]]>
    </failure>
  </testcase> <!-- @BeforeClass setUpclass -->
  <testcase classname="Runner.TestRunner" name="@AfterClass tearDownClass" time="0.0">
    <failure type="java.lang.NullPointerException" message="Cannot invoke &amp;quot;cucumber.api.testng.TestNGCucumberRunner.finish()&amp;quot; because &amp;quot;this.testNGCucumberRunner&amp;quot; is null">
      <![CDATA[java.lang.NullPointerException: Cannot invoke "cucumber.api.testng.TestNGCucumberRunner.finish()" because "this.testNGCucumberRunner" is null
at Runner.TestRunner.tearDownClass(TestRunner.java:49)
at java.base/java.util.ArrayList.forEach(ArrayList.java:1511)
... Removed 25 stack frames]]>
    </failure>
  </testcase> <!-- @AfterClass tearDownClass -->
  <testcase classname="Runner.TestRunner" name="feature" time="0.0">
    <skipped/>
  </testcase> <!-- feature -->
</testsuite> <!-- Tools QA -->
